2013/01/08 11:51:44 [error] [exception.CHttpException.404] exception 'CHttpException' with message 'The system is unable to find the requested action "gii".' in /var/www/yii/framework/web/CController.php:483
Stack trace:
#0 /var/www/yii/framework/web/CController.php(270): CController->missingAction('gii')
#1 /var/www/yii/framework/web/CWebApplication.php(282): CController->run('gii')
#2 /var/www/yii/framework/web/CWebApplication.php(141): CWebApplication->runController('site/gii')
#3 /var/www/yii/framework/base/CApplication.php(169): CWebApplication->processRequest()
#4 /var/www/bpaas-hub/index.php(13): CApplication->run()
#5 {main}
REQUEST_URI=/bpaas-hub/index.php?r=site/gii
---
2013/01/08 11:51:47 [error] [exception.CHttpException.404] exception 'CHttpException' with message 'Unable to resolve the request "gii".' in /var/www/yii/framework/web/CWebApplication.php:286
Stack trace:
#0 /var/www/yii/framework/web/CWebApplication.php(141): CWebApplication->runController('gii')
#1 /var/www/yii/framework/base/CApplication.php(169): CWebApplication->processRequest()
#2 /var/www/bpaas-hub/index.php(13): CApplication->run()
#3 {main}
REQUEST_URI=/bpaas-hub/index.php?r=gii
---
2013/01/08 11:52:19 [error] [exception.CException] exception 'CException' with message 'Property "CWebUser.bootstrap" is not defined.' in /var/www/yii/framework/base/CComponent.php:173
Stack trace:
#0 /var/www/yii/framework/web/auth/CWebUser.php(154): CComponent->__set('bootstrap', Array)
#1 /var/www/yii/framework/YiiBase.php(220): CWebUser->__set('bootstrap', Array)
#2 /var/www/yii/framework/base/CModule.php(386): YiiBase::createComponent(Array)
#3 /var/www/yii/framework/base/CModule.php(103): CModule->getComponent('user')
#4 /var/www/bpaas-hub/protected/views/layouts/main.php(35): CModule->__get('user')
#5 /var/www/yii/framework/web/CBaseController.php(126): require('/var/www/bpaas-...')
#6 /var/www/yii/framework/web/CBaseController.php(95): CBaseController->renderInternal('/var/www/bpaas-...', Array, true)
#7 /var/www/yii/framework/web/widgets/CContentDecorator.php(76): CBaseController->renderFile('/var/www/bpaas-...', Array, true)
#8 /var/www/yii/framework/web/widgets/CContentDecorator.php(54): CContentDecorator->decorate('<div id="conten...')
#9 /var/www/yii/framework/web/widgets/COutputProcessor.php(44): CContentDecorator->processOutput('<div id="conten...')
#10 /var/www/yii/framework/web/CBaseController.php(206): COutputProcessor->run()
#11 /var/www/yii/framework/web/CBaseController.php(300): CBaseController->endWidget('CContentDecorat...')
#12 /var/www/bpaas-hub/protected/views/layouts/column1.php(6): CBaseController->endContent()
#13 /var/www/yii/framework/web/CBaseController.php(126): require('/var/www/bpaas-...')
#14 /var/www/yii/framework/web/CBaseController.php(95): CBaseController->renderInternal('/var/www/bpaas-...', Array, true)
#15 /var/www/yii/framework/web/CController.php(784): CBaseController->renderFile('/var/www/bpaas-...', Array, true)
#16 /var/www/bpaas-hub/protected/controllers/SiteController.php(32): CController->render('index')
#17 /var/www/yii/framework/web/actions/CInlineAction.php(49): SiteController->actionIndex()
#18 /var/www/yii/framework/web/CController.php(308): CInlineAction->runWithParams(Array)
#19 /var/www/yii/framework/web/CController.php(286): CController->runAction(Object(CInlineAction))
#20 /var/www/yii/framework/web/CController.php(265): CController->runActionWithFilters(Object(CInlineAction), Array)
#21 /var/www/yii/framework/web/CWebApplication.php(282): CController->run('')
#22 /var/www/yii/framework/web/CWebApplication.php(141): CWebApplication->runController('')
#23 /var/www/yii/framework/base/CApplication.php(169): CWebApplication->processRequest()
#24 /var/www/bpaas-hub/index.php(13): CApplication->run()
#25 {main}
REQUEST_URI=/bpaas-hub/
---
2013/01/08 11:54:02 [error] [exception.CException] exception 'CException' with message 'Property "CWebUser.bootstrap" is not defined.' in /var/www/yii/framework/base/CComponent.php:173
Stack trace:
#0 /var/www/yii/framework/web/auth/CWebUser.php(154): CComponent->__set('bootstrap', Array)
#1 /var/www/yii/framework/YiiBase.php(220): CWebUser->__set('bootstrap', Array)
#2 /var/www/yii/framework/base/CModule.php(386): YiiBase::createComponent(Array)
#3 /var/www/yii/framework/base/CModule.php(103): CModule->getComponent('user')
#4 /var/www/bpaas-hub/protected/views/layouts/main.php(35): CModule->__get('user')
#5 /var/www/yii/framework/web/CBaseController.php(126): require('/var/www/bpaas-...')
#6 /var/www/yii/framework/web/CBaseController.php(95): CBaseController->renderInternal('/var/www/bpaas-...', Array, true)
#7 /var/www/yii/framework/web/widgets/CContentDecorator.php(76): CBaseController->renderFile('/var/www/bpaas-...', Array, true)
#8 /var/www/yii/framework/web/widgets/CContentDecorator.php(54): CContentDecorator->decorate('<div id="conten...')
#9 /var/www/yii/framework/web/widgets/COutputProcessor.php(44): CContentDecorator->processOutput('<div id="conten...')
#10 /var/www/yii/framework/web/CBaseController.php(206): COutputProcessor->run()
#11 /var/www/yii/framework/web/CBaseController.php(300): CBaseController->endWidget('CContentDecorat...')
#12 /var/www/bpaas-hub/protected/views/layouts/column1.php(6): CBaseController->endContent()
#13 /var/www/yii/framework/web/CBaseController.php(126): require('/var/www/bpaas-...')
#14 /var/www/yii/framework/web/CBaseController.php(95): CBaseController->renderInternal('/var/www/bpaas-...', Array, true)
#15 /var/www/yii/framework/web/CController.php(784): CBaseController->renderFile('/var/www/bpaas-...', Array, true)
#16 /var/www/bpaas-hub/protected/controllers/SiteController.php(32): CController->render('index')
#17 /var/www/yii/framework/web/actions/CInlineAction.php(49): SiteController->actionIndex()
#18 /var/www/yii/framework/web/CController.php(308): CInlineAction->runWithParams(Array)
#19 /var/www/yii/framework/web/CController.php(286): CController->runAction(Object(CInlineAction))
#20 /var/www/yii/framework/web/CController.php(265): CController->runActionWithFilters(Object(CInlineAction), Array)
#21 /var/www/yii/framework/web/CWebApplication.php(282): CController->run('')
#22 /var/www/yii/framework/web/CWebApplication.php(141): CWebApplication->runController('')
#23 /var/www/yii/framework/base/CApplication.php(169): CWebApplication->processRequest()
#24 /var/www/bpaas-hub/index.php(13): CApplication->run()
#25 {main}
REQUEST_URI=/bpaas-hub/
---
2013/01/08 11:54:04 [error] [exception.CException] exception 'CException' with message 'Property "CWebUser.bootstrap" is not defined.' in /var/www/yii/framework/base/CComponent.php:173
Stack trace:
#0 /var/www/yii/framework/web/auth/CWebUser.php(154): CComponent->__set('bootstrap', Array)
#1 /var/www/yii/framework/YiiBase.php(220): CWebUser->__set('bootstrap', Array)
#2 /var/www/yii/framework/base/CModule.php(386): YiiBase::createComponent(Array)
#3 /var/www/yii/framework/base/CModule.php(103): CModule->getComponent('user')
#4 /var/www/bpaas-hub/protected/views/layouts/main.php(35): CModule->__get('user')
#5 /var/www/yii/framework/web/CBaseController.php(126): require('/var/www/bpaas-...')
#6 /var/www/yii/framework/web/CBaseController.php(95): CBaseController->renderInternal('/var/www/bpaas-...', Array, true)
#7 /var/www/yii/framework/web/widgets/CContentDecorator.php(76): CBaseController->renderFile('/var/www/bpaas-...', Array, true)
#8 /var/www/yii/framework/web/widgets/CContentDecorator.php(54): CContentDecorator->decorate('<div id="conten...')
#9 /var/www/yii/framework/web/widgets/COutputProcessor.php(44): CContentDecorator->processOutput('<div id="conten...')
#10 /var/www/yii/framework/web/CBaseController.php(206): COutputProcessor->run()
#11 /var/www/yii/framework/web/CBaseController.php(300): CBaseController->endWidget('CContentDecorat...')
#12 /var/www/bpaas-hub/protected/views/layouts/column1.php(6): CBaseController->endContent()
#13 /var/www/yii/framework/web/CBaseController.php(126): require('/var/www/bpaas-...')
#14 /var/www/yii/framework/web/CBaseController.php(95): CBaseController->renderInternal('/var/www/bpaas-...', Array, true)
#15 /var/www/yii/framework/web/CController.php(784): CBaseController->renderFile('/var/www/bpaas-...', Array, true)
#16 /var/www/bpaas-hub/protected/controllers/SiteController.php(32): CController->render('index')
#17 /var/www/yii/framework/web/actions/CInlineAction.php(49): SiteController->actionIndex()
#18 /var/www/yii/framework/web/CController.php(308): CInlineAction->runWithParams(Array)
#19 /var/www/yii/framework/web/CController.php(286): CController->runAction(Object(CInlineAction))
#20 /var/www/yii/framework/web/CController.php(265): CController->runActionWithFilters(Object(CInlineAction), Array)
#21 /var/www/yii/framework/web/CWebApplication.php(282): CController->run('')
#22 /var/www/yii/framework/web/CWebApplication.php(141): CWebApplication->runController('')
#23 /var/www/yii/framework/base/CApplication.php(169): CWebApplication->processRequest()
#24 /var/www/bpaas-hub/index.php(13): CApplication->run()
#25 {main}
REQUEST_URI=/bpaas-hub/
---
2013/01/08 11:54:05 [error] [exception.CException] exception 'CException' with message 'Property "CWebUser.bootstrap" is not defined.' in /var/www/yii/framework/base/CComponent.php:173
Stack trace:
#0 /var/www/yii/framework/web/auth/CWebUser.php(154): CComponent->__set('bootstrap', Array)
#1 /var/www/yii/framework/YiiBase.php(220): CWebUser->__set('bootstrap', Array)
#2 /var/www/yii/framework/base/CModule.php(386): YiiBase::createComponent(Array)
#3 /var/www/yii/framework/base/CModule.php(103): CModule->getComponent('user')
#4 /var/www/bpaas-hub/protected/views/layouts/main.php(35): CModule->__get('user')
#5 /var/www/yii/framework/web/CBaseController.php(126): require('/var/www/bpaas-...')
#6 /var/www/yii/framework/web/CBaseController.php(95): CBaseController->renderInternal('/var/www/bpaas-...', Array, true)
#7 /var/www/yii/framework/web/widgets/CContentDecorator.php(76): CBaseController->renderFile('/var/www/bpaas-...', Array, true)
#8 /var/www/yii/framework/web/widgets/CContentDecorator.php(54): CContentDecorator->decorate('<div id="conten...')
#9 /var/www/yii/framework/web/widgets/COutputProcessor.php(44): CContentDecorator->processOutput('<div id="conten...')
#10 /var/www/yii/framework/web/CBaseController.php(206): COutputProcessor->run()
#11 /var/www/yii/framework/web/CBaseController.php(300): CBaseController->endWidget('CContentDecorat...')
#12 /var/www/bpaas-hub/protected/views/layouts/column1.php(6): CBaseController->endContent()
#13 /var/www/yii/framework/web/CBaseController.php(126): require('/var/www/bpaas-...')
#14 /var/www/yii/framework/web/CBaseController.php(95): CBaseController->renderInternal('/var/www/bpaas-...', Array, true)
#15 /var/www/yii/framework/web/CController.php(784): CBaseController->renderFile('/var/www/bpaas-...', Array, true)
#16 /var/www/bpaas-hub/protected/controllers/SiteController.php(32): CController->render('index')
#17 /var/www/yii/framework/web/actions/CInlineAction.php(49): SiteController->actionIndex()
#18 /var/www/yii/framework/web/CController.php(308): CInlineAction->runWithParams(Array)
#19 /var/www/yii/framework/web/CController.php(286): CController->runAction(Object(CInlineAction))
#20 /var/www/yii/framework/web/CController.php(265): CController->runActionWithFilters(Object(CInlineAction), Array)
#21 /var/www/yii/framework/web/CWebApplication.php(282): CController->run('')
#22 /var/www/yii/framework/web/CWebApplication.php(141): CWebApplication->runController('')
#23 /var/www/yii/framework/base/CApplication.php(169): CWebApplication->processRequest()
#24 /var/www/bpaas-hub/index.php(13): CApplication->run()
#25 {main}
REQUEST_URI=/bpaas-hub/
---
2013/01/08 12:45:33 [error] [php] include(RWebUser.php): failed to open stream: No such file or directory (/var/www/yii/framework/YiiBase.php:421)
Stack trace:
#0 /var/www/yii/framework/YiiBase.php(196): import()
#1 /var/www/yii/framework/base/CModule.php(386): createComponent()
#2 /var/www/yii/framework/base/CModule.php(103): CWebApplication->getComponent()
#3 /var/www/bpaas-hub/protected/views/layouts/main.php(35): CWebApplication->__get()
#4 /var/www/yii/framework/web/CBaseController.php(126): require()
#5 /var/www/yii/framework/web/CBaseController.php(95): SiteController->renderInternal()
#6 /var/www/yii/framework/web/widgets/CContentDecorator.php(76): SiteController->renderFile()
#7 /var/www/yii/framework/web/widgets/CContentDecorator.php(54): CContentDecorator->decorate()
#8 /var/www/yii/framework/web/widgets/COutputProcessor.php(44): CContentDecorator->processOutput()
#9 /var/www/yii/framework/web/CBaseController.php(206): CContentDecorator->run()
#10 /var/www/yii/framework/web/CBaseController.php(300): SiteController->endWidget()
#11 /var/www/bpaas-hub/protected/views/layouts/column1.php(6): SiteController->endContent()
#12 /var/www/yii/framework/web/CBaseController.php(126): require()
#13 /var/www/yii/framework/web/CBaseController.php(95): SiteController->renderInternal()
#14 /var/www/yii/framework/web/CController.php(784): SiteController->renderFile()
#15 /var/www/bpaas-hub/protected/controllers/SiteController.php(32): SiteController->render()
#16 /var/www/yii/framework/web/actions/CInlineAction.php(49): SiteController->actionIndex()
#17 /var/www/yii/framework/web/CController.php(308): CInlineAction->runWithParams()
#18 /var/www/yii/framework/web/CController.php(286): SiteController->runAction()
#19 /var/www/yii/framework/web/CController.php(265): SiteController->runActionWithFilters()
#20 /var/www/yii/framework/web/CWebApplication.php(282): SiteController->run()
#21 /var/www/yii/framework/web/CWebApplication.php(141): CWebApplication->runController()
#22 /var/www/yii/framework/base/CApplication.php(169): CWebApplication->processRequest()
#23 /var/www/bpaas-hub/index.php(13): CWebApplication->run()
REQUEST_URI=/bpaas-hub/
in /var/www/bpaas-hub/protected/views/layouts/main.php (35)
in /var/www/bpaas-hub/protected/views/layouts/column1.php (6)
in /var/www/bpaas-hub/protected/controllers/SiteController.php (32)
2013/01/08 12:47:43 [error] [system.db.CDbCommand] CDbCommand::fetchColumn() failed: SQLSTATE[42S02]: Base table or view not found: 1146 Table 'bpaashub.AuthItem' doesn't exist. The SQL statement executed was: SELECT COUNT(*) FROM AuthItem.
in /var/www/bpaas-hub/protected/modules/rights/components/RInstaller.php (180)
in /var/www/bpaas-hub/protected/modules/rights/controllers/InstallController.php (43)
in /var/www/bpaas-hub/index.php (13)
2013/01/08 12:47:54 [error] [system.db.CDbCommand] CDbCommand::fetchAll() failed: SQLSTATE[42S02]: Base table or view not found: 1146 Table 'bpaashub.AuthAssignment' doesn't exist. The SQL statement executed was: SELECT *
FROM `AuthAssignment`
WHERE userid=:userid.
in /var/www/bpaas-hub/protected/modules/rights/components/RAuthorizer.php (341)
in /var/www/bpaas-hub/protected/modules/rights/components/RWebUser.php (21)
in /var/www/bpaas-hub/protected/modules/user/models/UserLogin.php (57)
2013/01/08 12:47:54 [error] [exception.CDbException] exception 'CDbException' with message 'CDbCommand failed to execute the SQL statement: SQLSTATE[42S02]: Base table or view not found: 1146 Table 'bpaashub.AuthAssignment' doesn't exist. The SQL statement executed was: SELECT *
FROM `AuthAssignment`
WHERE userid=:userid' in /var/www/yii/framework/db/CDbCommand.php:541
Stack trace:
#0 /var/www/yii/framework/db/CDbCommand.php(395): CDbCommand->queryInternal('fetchAll', Array, Array)
#1 /var/www/yii/framework/web/auth/CDbAuthManager.php(337): CDbCommand->queryAll()
#2 /var/www/bpaas-hub/protected/modules/rights/components/RAuthorizer.php(341): CDbAuthManager->getAuthAssignments('1')
#3 /var/www/bpaas-hub/protected/modules/rights/components/RWebUser.php(21): RAuthorizer->isSuperuser('1')
#4 /var/www/yii/framework/web/auth/CWebUser.php(238): RWebUser->afterLogin(false)
#5 /var/www/bpaas-hub/protected/modules/user/models/UserLogin.php(57): CWebUser->login(Object(UserIdentity), 0)
#6 /var/www/yii/framework/validators/CInlineValidator.php(42): UserLogin->authenticate('password', Array)
#7 /var/www/yii/framework/validators/CValidator.php(213): CInlineValidator->validateAttribute(Object(UserLogin), 'password')
#8 /var/www/yii/framework/base/CModel.php(159): CValidator->validate(Object(UserLogin), NULL)
#9 /var/www/bpaas-hub/protected/modules/user/controllers/LoginController.php(19): CModel->validate()
#10 /var/www/yii/framework/web/actions/CInlineAction.php(49): LoginController->actionLogin()
#11 /var/www/yii/framework/web/CController.php(308): CInlineAction->runWithParams(Array)
#12 /var/www/yii/framework/web/CController.php(286): CController->runAction(Object(CInlineAction))
#13 /var/www/yii/framework/web/CController.php(265): CController->runActionWithFilters(Object(CInlineAction), Array)
#14 /var/www/yii/framework/web/CWebApplication.php(282): CController->run('')
#15 /var/www/yii/framework/web/CWebApplication.php(141): CWebApplication->runController('user/login')
#16 /var/www/yii/framework/base/CApplication.php(169): CWebApplication->processRequest()
#17 /var/www/bpaas-hub/index.php(13): CApplication->run()
#18 {main}
REQUEST_URI=/bpaas-hub/index.php?r=user/login
HTTP_REFERER=http://127.0.0.1/bpaas-hub/index.php?r=user/login
---
2013/01/08 12:48:17 [error] [system.db.CDbCommand] CDbCommand::fetchAll() failed: SQLSTATE[42S02]: Base table or view not found: 1146 Table 'bpaashub.AuthAssignment' doesn't exist. The SQL statement executed was: SELECT *
FROM `AuthAssignment`
WHERE userid=:userid.
in /var/www/bpaas-hub/protected/modules/rights/components/RAuthorizer.php (341)
in /var/www/bpaas-hub/protected/modules/rights/components/RWebUser.php (21)
in /var/www/bpaas-hub/protected/models/LoginForm.php (71)
2013/01/08 12:48:17 [error] [exception.CDbException] exception 'CDbException' with message 'CDbCommand failed to execute the SQL statement: SQLSTATE[42S02]: Base table or view not found: 1146 Table 'bpaashub.AuthAssignment' doesn't exist. The SQL statement executed was: SELECT *
FROM `AuthAssignment`
WHERE userid=:userid' in /var/www/yii/framework/db/CDbCommand.php:541
Stack trace:
#0 /var/www/yii/framework/db/CDbCommand.php(395): CDbCommand->queryInternal('fetchAll', Array, Array)
#1 /var/www/yii/framework/web/auth/CDbAuthManager.php(337): CDbCommand->queryAll()
#2 /var/www/bpaas-hub/protected/modules/rights/components/RAuthorizer.php(341): CDbAuthManager->getAuthAssignments('1')
#3 /var/www/bpaas-hub/protected/modules/rights/components/RWebUser.php(21): RAuthorizer->isSuperuser('1')
#4 /var/www/yii/framework/web/auth/CWebUser.php(238): RWebUser->afterLogin(false)
#5 /var/www/bpaas-hub/protected/models/LoginForm.php(71): CWebUser->login(Object(UserIdentity), 0)
#6 /var/www/bpaas-hub/protected/controllers/SiteController.php(94): LoginForm->login()
#7 /var/www/yii/framework/web/actions/CInlineAction.php(49): SiteController->actionLogin()
#8 /var/www/yii/framework/web/CController.php(308): CInlineAction->runWithParams(Array)
#9 /var/www/yii/framework/web/CController.php(286): CController->runAction(Object(CInlineAction))
#10 /var/www/yii/framework/web/CController.php(265): CController->runActionWithFilters(Object(CInlineAction), Array)
#11 /var/www/yii/framework/web/CWebApplication.php(282): CController->run('login')
#12 /var/www/yii/framework/web/CWebApplication.php(141): CWebApplication->runController('site/login')
#13 /var/www/yii/framework/base/CApplication.php(169): CWebApplication->processRequest()
#14 /var/www/bpaas-hub/index.php(13): CApplication->run()
#15 {main}
REQUEST_URI=/bpaas-hub/index.php?r=site/login
HTTP_REFERER=http://127.0.0.1/bpaas-hub/index.php?r=site/login
---
2013/01/08 12:50:59 [error] [system.db.CDbCommand] CDbCommand::fetchColumn() failed: SQLSTATE[42S02]: Base table or view not found: 1146 Table 'bpaashub.AuthItem' doesn't exist. The SQL statement executed was: SELECT COUNT(*) FROM AuthItem.
in /var/www/bpaas-hub/protected/modules/rights/components/RInstaller.php (180)
in /var/www/bpaas-hub/protected/modules/rights/controllers/InstallController.php (43)
in /var/www/bpaas-hub/index.php (13)
2013/01/08 12:52:39 [error] [system.db.CDbCommand] CDbCommand::execute() failed: SQLSTATE[23000]: Integrity constraint violation: 1217 Cannot delete or update a parent row: a foreign key constraint fails. The SQL statement executed was: drop table if exists AuthItem.
in /var/www/bpaas-hub/protected/modules/rights/components/RInstaller.php (105)
in /var/www/bpaas-hub/protected/modules/rights/controllers/InstallController.php (90)
in /var/www/bpaas-hub/index.php (13)
2013/01/08 12:52:55 [error] [system.db.CDbCommand] CDbCommand::execute() failed: SQLSTATE[23000]: Integrity constraint violation: 1217 Cannot delete or update a parent row: a foreign key constraint fails. The SQL statement executed was: drop table if exists AuthItem.
in /var/www/bpaas-hub/protected/modules/rights/components/RInstaller.php (105)
in /var/www/bpaas-hub/protected/modules/rights/controllers/InstallController.php (90)
in /var/www/bpaas-hub/index.php (13)
2013/01/08 13:01:36 [error] [exception.CHttpException.403] exception 'CHttpException' with message 'You are not authorized to perform this action.' in /var/www/yii/framework/web/auth/CAccessControlFilter.php:179
Stack trace:
#0 /var/www/yii/framework/web/auth/CAccessControlFilter.php(142): CAccessControlFilter->accessDenied(Object(RWebUser), 'You are not aut...')
#1 /var/www/yii/framework/web/filters/CFilter.php(38): CAccessControlFilter->preFilter(Object(CFilterChain))
#2 /var/www/yii/framework/web/CController.php(1145): CFilter->filter(Object(CFilterChain))
#3 /var/www/yii/framework/web/filters/CInlineFilter.php(58): CController->filterAccessControl(Object(CFilterChain))
#4 /var/www/yii/framework/web/filters/CFilterChain.php(130): CInlineFilter->filter(Object(CFilterChain))
#5 /var/www/yii/framework/web/CController.php(291): CFilterChain->run()
#6 /var/www/yii/framework/web/CController.php(265): CController->runActionWithFilters(Object(CInlineAction), Array)
#7 /var/www/yii/framework/web/CWebApplication.php(282): CController->run('')
#8 /var/www/yii/framework/web/CWebApplication.php(141): CWebApplication->runController('rights')
#9 /var/www/yii/framework/base/CApplication.php(169): CWebApplication->processRequest()
#10 /var/www/bpaas-hub/index.php(13): CApplication->run()
#11 {main}
REQUEST_URI=/bpaas-hub/index.php?r=rights
HTTP_REFERER=http://127.0.0.1/bpaas-hub/index.php
---
2013/01/08 13:05:59 [error] [exception.CException] exception 'CException' with message 'Property "RWebUser.isAdmin" is not defined.' in /var/www/yii/framework/base/CComponent.php:130
Stack trace:
#0 /var/www/yii/framework/web/auth/CWebUser.php(140): CComponent->__get('isAdmin')
#1 /var/www/bpaas-hub/protected/views/layouts/main.php(39): CWebUser->__get('isAdmin')
#2 /var/www/yii/framework/web/CBaseController.php(126): require('/var/www/bpaas-...')
#3 /var/www/yii/framework/web/CBaseController.php(95): CBaseController->renderInternal('/var/www/bpaas-...', Array, true)
#4 /var/www/yii/framework/web/widgets/CContentDecorator.php(76): CBaseController->renderFile('/var/www/bpaas-...', Array, true)
#5 /var/www/yii/framework/web/widgets/CContentDecorator.php(54): CContentDecorator->decorate('?<div id="right...')
#6 /var/www/yii/framework/web/widgets/COutputProcessor.php(44): CContentDecorator->processOutput('?<div id="right...')
#7 /var/www/yii/framework/web/CBaseController.php(206): COutputProcessor->run()
#8 /var/www/yii/framework/web/CBaseController.php(300): CBaseController->endWidget('CContentDecorat...')
#9 /var/www/bpaas-hub/protected/modules/rights/views/layouts/main.php(25): CBaseController->endContent()
#10 /var/www/yii/framework/web/CBaseController.php(126): require('/var/www/bpaas-...')
#11 /var/www/yii/framework/web/CBaseController.php(95): CBaseController->renderInternal('/var/www/bpaas-...', Array, true)
#12 /var/www/yii/framework/web/CController.php(784): CBaseController->renderFile('/var/www/bpaas-...', Array, true)
#13 /var/www/bpaas-hub/protected/modules/rights/controllers/AssignmentController.php(74): CController->render('view', Array)
#14 /var/www/yii/framework/web/actions/CInlineAction.php(49): AssignmentController->actionView()
#15 /var/www/yii/framework/web/CController.php(308): CInlineAction->runWithParams(Array)
#16 /var/www/yii/framework/web/filters/CFilterChain.php(133): CController->runAction(Object(CInlineAction))
#17 /var/www/yii/framework/web/filters/CFilter.php(40): CFilterChain->run()
#18 /var/www/yii/framework/web/CController.php(1145): CFilter->filter(Object(CFilterChain))
#19 /var/www/yii/framework/web/filters/CInlineFilter.php(58): CController->filterAccessControl(Object(CFilterChain))
#20 /var/www/yii/framework/web/filters/CFilterChain.php(130): CInlineFilter->filter(Object(CFilterChain))
#21 /var/www/yii/framework/web/CController.php(291): CFilterChain->run()
#22 /var/www/yii/framework/web/CController.php(265): CController->runActionWithFilters(Object(CInlineAction), Array)
#23 /var/www/yii/framework/web/CWebApplication.php(282): CController->run('')
#24 /var/www/yii/framework/web/CWebApplication.php(141): CWebApplication->runController('rights')
#25 /var/www/yii/framework/base/CApplication.php(169): CWebApplication->processRequest()
#26 /var/www/bpaas-hub/index.php(13): CApplication->run()
#27 {main}
REQUEST_URI=/bpaas-hub/index.php?r=rights
---
2013/01/09 13:51:46 [error] [system.db.CDbCommand] CDbCommand::fetchColumn() failed: SQLSTATE[42S02]: Base table or view not found: 1146 Table 'bpaashub.AuthItem' doesn't exist. The SQL statement executed was: SELECT COUNT(*) FROM AuthItem.
in /var/www/bpaas-hub/protected/modules/rights/components/RInstaller.php (180)
in /var/www/bpaas-hub/protected/modules/rights/controllers/InstallController.php (43)
in /var/www/bpaas-hub/index.php (13)
2013/01/09 13:51:50 [error] [system.db.CDbCommand] CDbCommand::fetchAll() failed: SQLSTATE[42S02]: Base table or view not found: 1146 Table 'bpaashub.AuthAssignment' doesn't exist. The SQL statement executed was: SELECT *
FROM `AuthAssignment`
WHERE userid=:userid.
in /var/www/bpaas-hub/protected/modules/rights/components/RAuthorizer.php (341)
in /var/www/bpaas-hub/protected/modules/rights/components/RWebUser.php (21)
in /var/www/bpaas-hub/protected/modules/user/models/UserLogin.php (57)
2013/01/09 13:51:50 [error] [exception.CDbException] exception 'CDbException' with message 'CDbCommand failed to execute the SQL statement: SQLSTATE[42S02]: Base table or view not found: 1146 Table 'bpaashub.AuthAssignment' doesn't exist. The SQL statement executed was: SELECT *
FROM `AuthAssignment`
WHERE userid=:userid' in /var/www/yii/framework/db/CDbCommand.php:541
Stack trace:
#0 /var/www/yii/framework/db/CDbCommand.php(395): CDbCommand->queryInternal('fetchAll', Array, Array)
#1 /var/www/yii/framework/web/auth/CDbAuthManager.php(337): CDbCommand->queryAll()
#2 /var/www/bpaas-hub/protected/modules/rights/components/RAuthorizer.php(341): CDbAuthManager->getAuthAssignments('1')
#3 /var/www/bpaas-hub/protected/modules/rights/components/RWebUser.php(21): RAuthorizer->isSuperuser('1')
#4 /var/www/yii/framework/web/auth/CWebUser.php(238): RWebUser->afterLogin(false)
#5 /var/www/bpaas-hub/protected/modules/user/models/UserLogin.php(57): CWebUser->login(Object(UserIdentity), 0)
#6 /var/www/yii/framework/validators/CInlineValidator.php(42): UserLogin->authenticate('password', Array)
#7 /var/www/yii/framework/validators/CValidator.php(213): CInlineValidator->validateAttribute(Object(UserLogin), 'password')
#8 /var/www/yii/framework/base/CModel.php(159): CValidator->validate(Object(UserLogin), NULL)
#9 /var/www/bpaas-hub/protected/modules/user/controllers/LoginController.php(19): CModel->validate()
#10 /var/www/yii/framework/web/actions/CInlineAction.php(49): LoginController->actionLogin()
#11 /var/www/yii/framework/web/CController.php(308): CInlineAction->runWithParams(Array)
#12 /var/www/yii/framework/web/CController.php(286): CController->runAction(Object(CInlineAction))
#13 /var/www/yii/framework/web/CController.php(265): CController->runActionWithFilters(Object(CInlineAction), Array)
#14 /var/www/yii/framework/web/CWebApplication.php(282): CController->run('')
#15 /var/www/yii/framework/web/CWebApplication.php(141): CWebApplication->runController('user/login')
#16 /var/www/yii/framework/base/CApplication.php(169): CWebApplication->processRequest()
#17 /var/www/bpaas-hub/index.php(13): CApplication->run()
#18 {main}
REQUEST_URI=/bpaas-hub/index.php?r=user/login
HTTP_REFERER=http://127.0.0.1/bpaas-hub/index.php?r=user/login
---
2013/01/09 13:52:53 [error] [system.db.CDbCommand] CDbCommand::fetchColumn() failed: SQLSTATE[42S02]: Base table or view not found: 1146 Table 'bpaashub.AuthItem' doesn't exist. The SQL statement executed was: SELECT COUNT(*) FROM AuthItem.
in /var/www/bpaas-hub/protected/modules/rights/components/RInstaller.php (180)
in /var/www/bpaas-hub/protected/modules/rights/controllers/InstallController.php (43)
in /var/www/bpaas-hub/index.php (13)
2013/01/09 15:48:38 [error] [exception.CHttpException.404] exception 'CHttpException' with message 'Unable to resolve the request "auth/install".' in /var/www/yii/framework/web/CWebApplication.php:286
Stack trace:
#0 /var/www/yii/framework/web/CWebApplication.php(141): CWebApplication->runController('auth/install')
#1 /var/www/yii/framework/base/CApplication.php(169): CWebApplication->processRequest()
#2 /var/www/bpaas-hub/index.php(13): CApplication->run()
#3 {main}
REQUEST_URI=/bpaas-hub/index.php?r=auth/install
---
2013/01/09 15:50:06 [error] [exception.CHttpException.403] exception 'CHttpException' with message 'There must be at least one superuser!' in /var/www/bpaas-hub/protected/modules/rights/components/RAuthorizer.php:305
Stack trace:
#0 /var/www/bpaas-hub/protected/modules/rights/controllers/InstallController.php(61): RAuthorizer->getSuperusers()
#1 /var/www/yii/framework/web/CController.php(1144): InstallController->accessRules()
#2 /var/www/yii/framework/web/filters/CInlineFilter.php(58): CController->filterAccessControl(Object(CFilterChain))
#3 /var/www/yii/framework/web/filters/CFilterChain.php(130): CInlineFilter->filter(Object(CFilterChain))
#4 /var/www/yii/framework/web/CController.php(291): CFilterChain->run()
#5 /var/www/yii/framework/web/CController.php(265): CController->runActionWithFilters(Object(CInlineAction), Array)
#6 /var/www/yii/framework/web/CWebApplication.php(282): CController->run('')
#7 /var/www/yii/framework/web/CWebApplication.php(141): CWebApplication->runController('rights/install')
#8 /var/www/yii/framework/base/CApplication.php(169): CWebApplication->processRequest()
#9 /var/www/bpaas-hub/index.php(13): CApplication->run()
#10 {main}
REQUEST_URI=/bpaas-hub/index.php?r=rights/install
---
2013/01/09 15:50:15 [error] [exception.CHttpException.403] exception 'CHttpException' with message 'There must be at least one superuser!' in /var/www/bpaas-hub/protected/modules/rights/components/RAuthorizer.php:305
Stack trace:
#0 /var/www/bpaas-hub/protected/modules/rights/controllers/InstallController.php(61): RAuthorizer->getSuperusers()
#1 /var/www/yii/framework/web/CController.php(1144): InstallController->accessRules()
#2 /var/www/yii/framework/web/filters/CInlineFilter.php(58): CController->filterAccessControl(Object(CFilterChain))
#3 /var/www/yii/framework/web/filters/CFilterChain.php(130): CInlineFilter->filter(Object(CFilterChain))
#4 /var/www/yii/framework/web/CController.php(291): CFilterChain->run()
#5 /var/www/yii/framework/web/CController.php(265): CController->runActionWithFilters(Object(CInlineAction), Array)
#6 /var/www/yii/framework/web/CWebApplication.php(282): CController->run('')
#7 /var/www/yii/framework/web/CWebApplication.php(141): CWebApplication->runController('rights')
#8 /var/www/yii/framework/base/CApplication.php(169): CWebApplication->processRequest()
#9 /var/www/bpaas-hub/index.php(13): CApplication->run()
#10 {main}
REQUEST_URI=/bpaas-hub/index.php?r=rights
HTTP_REFERER=http://127.0.0.1/bpaas-hub/index.php
---
2013/01/09 15:50:23 [error] [exception.CHttpException.403] exception 'CHttpException' with message 'There must be at least one superuser!' in /var/www/bpaas-hub/protected/modules/rights/components/RAuthorizer.php:305
Stack trace:
#0 /var/www/bpaas-hub/protected/modules/rights/controllers/InstallController.php(61): RAuthorizer->getSuperusers()
#1 /var/www/yii/framework/web/CController.php(1144): InstallController->accessRules()
#2 /var/www/yii/framework/web/filters/CInlineFilter.php(58): CController->filterAccessControl(Object(CFilterChain))
#3 /var/www/yii/framework/web/filters/CFilterChain.php(130): CInlineFilter->filter(Object(CFilterChain))
#4 /var/www/yii/framework/web/CController.php(291): CFilterChain->run()
#5 /var/www/yii/framework/web/CController.php(265): CController->runActionWithFilters(Object(CInlineAction), Array)
#6 /var/www/yii/framework/web/CWebApplication.php(282): CController->run('')
#7 /var/www/yii/framework/web/CWebApplication.php(141): CWebApplication->runController('rights/install')
#8 /var/www/yii/framework/base/CApplication.php(169): CWebApplication->processRequest()
#9 /var/www/bpaas-hub/index.php(13): CApplication->run()
#10 {main}
REQUEST_URI=/bpaas-hub/index.php?r=rights/install
---
2013/02/15 13:19:08 [trace] [system.CModule] Loading "log" application component
in /var/www/bpaas-hub/index.php (13)
2013/02/15 13:19:09 [trace] [system.CModule] Loading "request" application component
in /var/www/bpaas-hub/protected/extensions/yii-debug-toolbar/YiiDebugToolbarRoute.php (111)
in /var/www/bpaas-hub/index.php (13)
2013/02/15 13:19:09 [trace] [system.CModule] Loading "bootstrap" application component
in /var/www/bpaas-hub/index.php (13)
2013/02/15 13:19:09 [trace] [system.CModule] Loading "clientScript" application component
in /var/www/bpaas-hub/protected/extensions/bootstrap/components/Bootstrap.php (163)
in /var/www/bpaas-hub/protected/extensions/bootstrap/components/Bootstrap.php (124)
in /var/www/bpaas-hub/protected/extensions/bootstrap/components/Bootstrap.php (102)
2013/02/15 13:19:09 [trace] [system.CModule] Loading "assetManager" application component
in /var/www/bpaas-hub/protected/extensions/bootstrap/components/Bootstrap.php (458)
in /var/www/bpaas-hub/protected/extensions/bootstrap/components/Bootstrap.php (163)
in /var/www/bpaas-hub/protected/extensions/bootstrap/components/Bootstrap.php (124)
2013/02/15 13:19:14 [trace] [system.CModule] Loading "viewRenderer" application component
in /var/www/bpaas-hub/protected/extensions/yii-debug-toolbar/panels/YiiDebugToolbarPanelViewsRendering.php (35)
in /var/www/bpaas-hub/protected/extensions/yii-debug-toolbar/YiiDebugToolbar.php (186)
in /var/www/bpaas-hub/protected/extensions/yii-debug-toolbar/YiiDebugToolbar.php (111)
2013/02/15 13:19:15 [trace] [system.CModule] Loading "db" application component
in /var/www/bpaas-hub/protected/extensions/yii-debug-toolbar/panels/YiiDebugToolbarPanelSql.php (46)
in /var/www/bpaas-hub/protected/extensions/yii-debug-toolbar/YiiDebugToolbar.php (177)
in /var/www/bpaas-hub/protected/extensions/yii-debug-toolbar/YiiDebugToolbar.php (111)
2013/02/15 13:19:15 [trace] [system.db.CDbConnection] Opening DB connection
in /var/www/bpaas-hub/protected/extensions/yii-debug-toolbar/panels/YiiDebugToolbarPanelSql.php (46)
in /var/www/bpaas-hub/protected/extensions/yii-debug-toolbar/YiiDebugToolbar.php (177)
in /var/www/bpaas-hub/protected/extensions/yii-debug-toolbar/YiiDebugToolbar.php (111)
2013/02/15 13:19:17 [trace] [system.CModule] Loading "urlManager" application component
in /var/www/bpaas-hub/index.php (13)
2013/02/15 13:20:45 [trace] [system.CModule] Loading "log" application component
in /var/www/bpaas-hub/index.php (13)
2013/02/15 13:20:46 [trace] [system.CModule] Loading "request" application component
in /var/www/bpaas-hub/protected/extensions/yii-debug-toolbar/YiiDebugToolbarRoute.php (111)
in /var/www/bpaas-hub/index.php (13)
2013/02/15 13:20:46 [trace] [system.CModule] Loading "bootstrap" application component
in /var/www/bpaas-hub/index.php (13)
2013/02/15 13:20:46 [trace] [system.CModule] Loading "clientScript" application component
in /var/www/bpaas-hub/protected/extensions/bootstrap/components/Bootstrap.php (163)
in /var/www/bpaas-hub/protected/extensions/bootstrap/components/Bootstrap.php (124)
in /var/www/bpaas-hub/protected/extensions/bootstrap/components/Bootstrap.php (102)
2013/02/15 13:20:46 [trace] [system.CModule] Loading "assetManager" application component
in /var/www/bpaas-hub/protected/extensions/bootstrap/components/Bootstrap.php (458)
in /var/www/bpaas-hub/protected/extensions/bootstrap/components/Bootstrap.php (163)
in /var/www/bpaas-hub/protected/extensions/bootstrap/components/Bootstrap.php (124)
2013/02/15 13:20:46 [trace] [system.CModule] Loading "viewRenderer" application component
in /var/www/bpaas-hub/protected/extensions/yii-debug-toolbar/panels/YiiDebugToolbarPanelViewsRendering.php (35)
in /var/www/bpaas-hub/protected/extensions/yii-debug-toolbar/YiiDebugToolbar.php (186)
in /var/www/bpaas-hub/protected/extensions/yii-debug-toolbar/YiiDebugToolbar.php (111)
2013/02/15 13:20:46 [trace] [system.CModule] Loading "db" application component
in /var/www/bpaas-hub/protected/extensions/yii-debug-toolbar/panels/YiiDebugToolbarPanelSql.php (46)
in /var/www/bpaas-hub/protected/extensions/yii-debug-toolbar/YiiDebugToolbar.php (177)
in /var/www/bpaas-hub/protected/extensions/yii-debug-toolbar/YiiDebugToolbar.php (111)
2013/02/15 13:20:46 [trace] [system.db.CDbConnection] Opening DB connection
in /var/www/bpaas-hub/protected/extensions/yii-debug-toolbar/panels/YiiDebugToolbarPanelSql.php (46)
in /var/www/bpaas-hub/protected/extensions/yii-debug-toolbar/YiiDebugToolbar.php (177)
in /var/www/bpaas-hub/protected/extensions/yii-debug-toolbar/YiiDebugToolbar.php (111)
2013/02/15 13:20:46 [trace] [system.CModule] Loading "urlManager" application component
in /var/www/bpaas-hub/index.php (13)
2013/02/15 13:20:47 [trace] [system.db.CDbCommand] Querying SQL: SHOW FULL COLUMNS FROM `service`
in /var/www/bpaas-hub/protected/controllers/SiteController.php (39)
in /var/www/bpaas-hub/index.php (13)
2013/02/15 13:20:48 [trace] [system.db.CDbCommand] Querying SQL: SHOW CREATE TABLE `service`
in /var/www/bpaas-hub/protected/controllers/SiteController.php (39)
in /var/www/bpaas-hub/index.php (13)
2013/02/15 13:20:48 [trace] [system.CModule] Loading "widgetFactory" application component
in /var/www/bpaas-hub/protected/views/site/index.php (13)
in /var/www/bpaas-hub/protected/extensions/yii-debug-toolbar/components/YiiDebugViewRenderer.php (47)
in /var/www/bpaas-hub/protected/controllers/SiteController.php (45)
2013/02/15 13:20:48 [trace] [system.db.ar.CActiveRecord] Service.count()
in /var/www/bpaas-hub/protected/extensions/bootstrap/widgets/TbListView.php (37)
in /var/www/bpaas-hub/protected/views/site/index.php (13)
in /var/www/bpaas-hub/protected/extensions/yii-debug-toolbar/components/YiiDebugViewRenderer.php (47)
2013/02/15 13:20:48 [trace] [system.db.CDbCommand] Querying SQL: SELECT COUNT(*) FROM `service` `t` WHERE active=1
in /var/www/bpaas-hub/protected/extensions/bootstrap/widgets/TbListView.php (37)
in /var/www/bpaas-hub/protected/views/site/index.php (13)
in /var/www/bpaas-hub/protected/extensions/yii-debug-toolbar/components/YiiDebugViewRenderer.php (47)
2013/02/15 13:20:48 [trace] [system.db.ar.CActiveRecord] Service.findAll()
in /var/www/bpaas-hub/protected/extensions/bootstrap/widgets/TbListView.php (37)
in /var/www/bpaas-hub/protected/views/site/index.php (13)
in /var/www/bpaas-hub/protected/extensions/yii-debug-toolbar/components/YiiDebugViewRenderer.php (47)
2013/02/15 13:20:48 [trace] [system.db.CDbCommand] Querying SQL: SELECT * FROM `service` `t` WHERE active=1 ORDER BY modified_at DESC LIMIT 20
in /var/www/bpaas-hub/protected/extensions/bootstrap/widgets/TbListView.php (37)
in /var/www/bpaas-hub/protected/views/site/index.php (13)
in /var/www/bpaas-hub/protected/extensions/yii-debug-toolbar/components/YiiDebugViewRenderer.php (47)
2013/02/15 13:20:48 [trace] [system.CModule] Loading "coreMessages" application component
in /var/www/bpaas-hub/protected/views/site/index.php (13)
in /var/www/bpaas-hub/protected/extensions/yii-debug-toolbar/components/YiiDebugViewRenderer.php (47)
in /var/www/bpaas-hub/protected/controllers/SiteController.php (45)
2013/02/15 13:20:49 [trace] [system.CModule] Loading "user" application component
in /var/www/bpaas-hub/protected/views/layouts/main.php (34)
in /var/www/bpaas-hub/protected/extensions/yii-debug-toolbar/components/YiiDebugViewRenderer.php (47)
in /var/www/bpaas-hub/protected/views/layouts/column1.php (6)
2013/02/15 13:20:49 [trace] [system.CModule] Loading "session" application component
in /var/www/bpaas-hub/protected/views/layouts/main.php (34)
in /var/www/bpaas-hub/protected/extensions/yii-debug-toolbar/components/YiiDebugViewRenderer.php (47)
in /var/www/bpaas-hub/protected/views/layouts/column1.php (6)
2013/02/15 13:20:49 [trace] [system.base.CModule] Loading "user" module
in /var/www/bpaas-hub/protected/views/layouts/main.php (42)
in /var/www/bpaas-hub/protected/extensions/yii-debug-toolbar/components/YiiDebugViewRenderer.php (47)
in /var/www/bpaas-hub/protected/views/layouts/column1.php (6)
2013/02/15 13:20:49 [trace] [system.CModule] Loading "messages" application component
in /var/www/bpaas-hub/protected/modules/user/UserModule.php (154)
in /var/www/bpaas-hub/protected/views/layouts/main.php (43)
in /var/www/bpaas-hub/protected/extensions/yii-debug-toolbar/components/YiiDebugViewRenderer.php (47)
2013/02/15 13:21:02 [trace] [system.CModule] Loading "log" application component
in /var/www/bpaas-hub/index.php (13)
2013/02/15 13:21:02 [trace] [system.CModule] Loading "request" application component
in /var/www/bpaas-hub/protected/extensions/yii-debug-toolbar/YiiDebugToolbarRoute.php (111)
in /var/www/bpaas-hub/index.php (13)
2013/02/15 13:21:02 [trace] [system.CModule] Loading "bootstrap" application component
in /var/www/bpaas-hub/index.php (13)
2013/02/15 13:21:02 [trace] [system.CModule] Loading "clientScript" application component
in /var/www/bpaas-hub/protected/extensions/bootstrap/components/Bootstrap.php (163)
in /var/www/bpaas-hub/protected/extensions/bootstrap/components/Bootstrap.php (124)
in /var/www/bpaas-hub/protected/extensions/bootstrap/components/Bootstrap.php (102)
2013/02/15 13:21:02 [trace] [system.CModule] Loading "assetManager" application component
in /var/www/bpaas-hub/protected/extensions/bootstrap/components/Bootstrap.php (458)
in /var/www/bpaas-hub/protected/extensions/bootstrap/components/Bootstrap.php (163)
in /var/www/bpaas-hub/protected/extensions/bootstrap/components/Bootstrap.php (124)
2013/02/15 13:21:02 [trace] [system.CModule] Loading "viewRenderer" application component
in /var/www/bpaas-hub/protected/extensions/yii-debug-toolbar/panels/YiiDebugToolbarPanelViewsRendering.php (35)
in /var/www/bpaas-hub/protected/extensions/yii-debug-toolbar/YiiDebugToolbar.php (186)
in /var/www/bpaas-hub/protected/extensions/yii-debug-toolbar/YiiDebugToolbar.php (111)
2013/02/15 13:21:02 [trace] [system.CModule] Loading "db" application component
in /var/www/bpaas-hub/protected/extensions/yii-debug-toolbar/panels/YiiDebugToolbarPanelSql.php (46)
in /var/www/bpaas-hub/protected/extensions/yii-debug-toolbar/YiiDebugToolbar.php (177)
in /var/www/bpaas-hub/protected/extensions/yii-debug-toolbar/YiiDebugToolbar.php (111)
2013/02/15 13:21:02 [trace] [system.db.CDbConnection] Opening DB connection
in /var/www/bpaas-hub/protected/extensions/yii-debug-toolbar/panels/YiiDebugToolbarPanelSql.php (46)
in /var/www/bpaas-hub/protected/extensions/yii-debug-toolbar/YiiDebugToolbar.php (177)
in /var/www/bpaas-hub/protected/extensions/yii-debug-toolbar/YiiDebugToolbar.php (111)
2013/02/15 13:21:03 [trace] [system.CModule] Loading "urlManager" application component
in /var/www/bpaas-hub/index.php (13)
2013/02/15 13:21:03 [trace] [system.base.CModule] Loading "user" module
in /var/www/bpaas-hub/index.php (13)
2013/02/15 13:21:03 [trace] [system.CModule] Loading "user" application component
in /var/www/bpaas-hub/protected/modules/user/controllers/LoginController.php (12)
in /var/www/bpaas-hub/index.php (13)
2013/02/15 13:21:03 [trace] [system.CModule] Loading "session" application component
in /var/www/bpaas-hub/protected/modules/user/controllers/LoginController.php (12)
in /var/www/bpaas-hub/index.php (13)
2013/02/15 13:21:03 [trace] [system.CModule] Loading "messages" application component
in /var/www/bpaas-hub/protected/modules/user/UserModule.php (154)
in /var/www/bpaas-hub/protected/modules/user/views/user/login.php (2)
in /var/www/bpaas-hub/protected/extensions/yii-debug-toolbar/components/YiiDebugViewRenderer.php (47)
2013/02/15 13:21:03 [trace] [system.CModule] Loading "widgetFactory" application component
in /var/www/bpaas-hub/protected/modules/user/views/user/login.php (50)
in /var/www/bpaas-hub/protected/extensions/yii-debug-toolbar/components/YiiDebugViewRenderer.php (47)
in /var/www/bpaas-hub/protected/modules/user/controllers/LoginController.php (28)
2013/02/15 13:21:03 [trace] [system.CModule] Loading "coreMessages" application component
in /var/www/bpaas-hub/protected/views/layouts/main.php (53)
in /var/www/bpaas-hub/protected/extensions/yii-debug-toolbar/components/YiiDebugViewRenderer.php (47)
in /var/www/bpaas-hub/protected/views/layouts/column1.php (6)
2013/02/15 13:21:21 [trace] [system.CModule] Loading "log" application component
in /var/www/bpaas-hub/index.php (13)
2013/02/15 13:21:21 [trace] [system.CModule] Loading "request" application component
in /var/www/bpaas-hub/protected/extensions/yii-debug-toolbar/YiiDebugToolbarRoute.php (111)
in /var/www/bpaas-hub/index.php (13)
2013/02/15 13:21:22 [trace] [system.CModule] Loading "bootstrap" application component
in /var/www/bpaas-hub/index.php (13)
2013/02/15 13:21:22 [trace] [system.CModule] Loading "clientScript" application component
in /var/www/bpaas-hub/protected/extensions/bootstrap/components/Bootstrap.php (163)
in /var/www/bpaas-hub/protected/extensions/bootstrap/components/Bootstrap.php (124)
in /var/www/bpaas-hub/protected/extensions/bootstrap/components/Bootstrap.php (102)
2013/02/15 13:21:22 [trace] [system.CModule] Loading "assetManager" application component
in /var/www/bpaas-hub/protected/extensions/bootstrap/components/Bootstrap.php (458)
in /var/www/bpaas-hub/protected/extensions/bootstrap/components/Bootstrap.php (163)
in /var/www/bpaas-hub/protected/extensions/bootstrap/components/Bootstrap.php (124)
2013/02/15 13:21:23 [trace] [system.CModule] Loading "viewRenderer" application component
in /var/www/bpaas-hub/protected/extensions/yii-debug-toolbar/panels/YiiDebugToolbarPanelViewsRendering.php (35)
in /var/www/bpaas-hub/protected/extensions/yii-debug-toolbar/YiiDebugToolbar.php (186)
in /var/www/bpaas-hub/protected/extensions/yii-debug-toolbar/YiiDebugToolbar.php (111)
2013/02/15 13:21:23 [trace] [system.CModule] Loading "db" application component
in /var/www/bpaas-hub/protected/extensions/yii-debug-toolbar/panels/YiiDebugToolbarPanelSql.php (46)
in /var/www/bpaas-hub/protected/extensions/yii-debug-toolbar/YiiDebugToolbar.php (177)
in /var/www/bpaas-hub/protected/extensions/yii-debug-toolbar/YiiDebugToolbar.php (111)
2013/02/15 13:21:23 [trace] [system.db.CDbConnection] Opening DB connection
in /var/www/bpaas-hub/protected/extensions/yii-debug-toolbar/panels/YiiDebugToolbarPanelSql.php (46)
in /var/www/bpaas-hub/protected/extensions/yii-debug-toolbar/YiiDebugToolbar.php (177)
in /var/www/bpaas-hub/protected/extensions/yii-debug-toolbar/YiiDebugToolbar.php (111)
2013/02/15 13:21:23 [trace] [system.CModule] Loading "urlManager" application component
in /var/www/bpaas-hub/index.php (13)
2013/02/15 13:21:23 [trace] [system.base.CModule] Loading "user" module
in /var/www/bpaas-hub/index.php (13)
2013/02/15 13:21:24 [trace] [system.CModule] Loading "user" application component
in /var/www/bpaas-hub/protected/modules/user/controllers/LoginController.php (12)
in /var/www/bpaas-hub/index.php (13)
2013/02/15 13:21:24 [trace] [system.CModule] Loading "session" application component
in /var/www/bpaas-hub/protected/modules/user/controllers/LoginController.php (12)
in /var/www/bpaas-hub/index.php (13)
2013/02/15 13:21:24 [trace] [system.db.CDbCommand] Querying SQL: SHOW FULL COLUMNS FROM `users`
in /var/www/bpaas-hub/protected/modules/user/models/User.php (33)
in /var/www/bpaas-hub/protected/modules/user/components/UserIdentity.php (27)
in /var/www/bpaas-hub/protected/modules/user/models/UserLogin.php (52)
2013/02/15 13:21:25 [trace] [system.db.CDbCommand] Querying SQL: SHOW CREATE TABLE `users`
in /var/www/bpaas-hub/protected/modules/user/models/User.php (33)
in /var/www/bpaas-hub/protected/modules/user/components/UserIdentity.php (27)
in /var/www/bpaas-hub/protected/modules/user/models/UserLogin.php (52)
2013/02/15 13:21:25 [trace] [system.db.ar.CActiveRecord] User.findByAttributes()
in /var/www/bpaas-hub/protected/modules/user/components/UserIdentity.php (27)
in /var/www/bpaas-hub/protected/modules/user/models/UserLogin.php (52)
in /var/www/bpaas-hub/protected/modules/user/controllers/LoginController.php (19)
2013/02/15 13:21:29 [trace] [system.db.CDbCommand] Querying SQL: SHOW FULL COLUMNS FROM `profiles`
in /var/www/bpaas-hub/protected/modules/user/components/UserIdentity.php (27)
in /var/www/bpaas-hub/protected/modules/user/models/UserLogin.php (52)
in /var/www/bpaas-hub/protected/modules/user/controllers/LoginController.php (19)
2013/02/15 13:21:30 [trace] [system.db.CDbCommand] Querying SQL: SHOW CREATE TABLE `profiles`
in /var/www/bpaas-hub/protected/modules/user/components/UserIdentity.php (27)
in /var/www/bpaas-hub/protected/modules/user/models/UserLogin.php (52)
in /var/www/bpaas-hub/protected/modules/user/controllers/LoginController.php (19)
2013/02/15 13:21:30 [trace] [system.db.CDbCommand] Querying SQL: SELECT `user`.`id` AS `t0_c0`, `user`.`username` AS `t0_c1`, `user`.`email` AS `t0_c3`, `user`.`create_at` AS `t0_c5`, `user`.`lastvisit_at` AS `t0_c6`, `user`.`superuser` AS `t0_c7`, `user`.`status` AS `t0_c8`, `user`.`id` AS `t0_c0`, `user`.`username` AS `t0_c1`, `user`.`password` AS `t0_c2`, `user`.`email` AS `t0_c3`, `user`.`activkey` AS `t0_c4`, `user`.`create_at` AS `t0_c5`, `user`.`lastvisit_at` AS `t0_c6`, `user`.`superuser` AS `t0_c7`, `user`.`status` AS `t0_c8`, `profile`.`user_id` AS `t1_c0`, `profile`.`lastname` AS `t1_c1`, `profile`.`firstname` AS `t1_c2` FROM `users` `user`  LEFT OUTER JOIN `profiles` `profile` ON (`profile`.`user_id`=`user`.`id`)  WHERE (`user`.`username`=:yp0). Bound with :yp0='admin'
in /var/www/bpaas-hub/protected/modules/user/components/UserIdentity.php (27)
in /var/www/bpaas-hub/protected/modules/user/models/UserLogin.php (52)
in /var/www/bpaas-hub/protected/modules/user/controllers/LoginController.php (19)
2013/02/15 13:21:30 [trace] [system.base.CModule] Loading "rights" module
in /var/www/bpaas-hub/protected/modules/rights/components/Rights.php (271)
in /var/www/bpaas-hub/protected/modules/rights/components/Rights.php (254)
in /var/www/bpaas-hub/protected/modules/rights/components/Rights.php (287)
2013/02/15 13:21:31 [trace] [system.CModule] Loading "authorizer" application component
in /var/www/bpaas-hub/protected/modules/rights/RightsModule.php (192)
in /var/www/bpaas-hub/protected/modules/rights/components/Rights.php (287)
in /var/www/bpaas-hub/protected/modules/rights/components/RWebUser.php (21)
2013/02/15 13:21:31 [trace] [system.CModule] Loading "authManager" application component
in /var/www/bpaas-hub/protected/modules/rights/components/RAuthorizer.php (27)
in /var/www/bpaas-hub/protected/modules/rights/RightsModule.php (192)
in /var/www/bpaas-hub/protected/modules/rights/components/Rights.php (287)
2013/02/15 13:21:31 [trace] [system.db.CDbCommand] Querying SQL: SELECT *
FROM `AuthAssignment`
WHERE userid=:userid. Bound with :userid='1'
in /var/www/bpaas-hub/protected/modules/rights/components/RAuthorizer.php (341)
in /var/www/bpaas-hub/protected/modules/rights/components/RWebUser.php (21)
in /var/www/bpaas-hub/protected/modules/user/models/UserLogin.php (57)
2013/02/15 13:21:31 [trace] [system.db.ar.CActiveRecord] User.findByPk()
in /var/www/bpaas-hub/protected/modules/user/controllers/LoginController.php (34)
in /var/www/bpaas-hub/protected/modules/user/controllers/LoginController.php (20)
in /var/www/bpaas-hub/index.php (13)
2013/02/15 13:21:31 [trace] [system.db.CDbCommand] Querying SQL: SELECT `user`.`id` AS `t0_c0`, `user`.`username` AS `t0_c1`, `user`.`email` AS `t0_c3`, `user`.`create_at` AS `t0_c5`, `user`.`lastvisit_at` AS `t0_c6`, `user`.`superuser` AS `t0_c7`, `user`.`status` AS `t0_c8`, `user`.`id` AS `t0_c0`, `user`.`username` AS `t0_c1`, `user`.`password` AS `t0_c2`, `user`.`email` AS `t0_c3`, `user`.`activkey` AS `t0_c4`, `user`.`create_at` AS `t0_c5`, `user`.`lastvisit_at` AS `t0_c6`, `user`.`superuser` AS `t0_c7`, `user`.`status` AS `t0_c8`, `profile`.`user_id` AS `t1_c0`, `profile`.`lastname` AS `t1_c1`, `profile`.`firstname` AS `t1_c2` FROM `users` `user`  LEFT OUTER JOIN `profiles` `profile` ON (`profile`.`user_id`=`user`.`id`)  WHERE (`user`.`id`=1)
in /var/www/bpaas-hub/protected/modules/user/controllers/LoginController.php (34)
in /var/www/bpaas-hub/protected/modules/user/controllers/LoginController.php (20)
in /var/www/bpaas-hub/index.php (13)
2013/02/15 13:21:31 [trace] [system.db.ar.CActiveRecord] User.findByPk()
in /var/www/bpaas-hub/protected/modules/user/UserModule.php (239)
in /var/www/bpaas-hub/protected/modules/user/UserModule.php (194)
in /var/www/bpaas-hub/protected/modules/user/models/User.php (51)
2013/02/15 13:21:31 [trace] [system.db.CDbCommand] Querying SQL: SELECT `user`.`id` AS `t0_c0`, `user`.`username` AS `t0_c1`, `user`.`email` AS `t0_c3`, `user`.`create_at` AS `t0_c5`, `user`.`lastvisit_at` AS `t0_c6`, `user`.`superuser` AS `t0_c7`, `user`.`status` AS `t0_c8`, `profile`.`user_id` AS `t1_c0`, `profile`.`lastname` AS `t1_c1`, `profile`.`firstname` AS `t1_c2` FROM `users` `user`  LEFT OUTER JOIN `profiles` `profile` ON (`profile`.`user_id`=`user`.`id`)  WHERE (`user`.`id`=1)
in /var/www/bpaas-hub/protected/modules/user/UserModule.php (239)
in /var/www/bpaas-hub/protected/modules/user/UserModule.php (194)
in /var/www/bpaas-hub/protected/modules/user/models/User.php (51)
2013/02/15 13:21:31 [trace] [system.CModule] Loading "messages" application component
in /var/www/bpaas-hub/protected/modules/user/UserModule.php (154)
in /var/www/bpaas-hub/protected/modules/user/models/User.php (52)
in /var/www/bpaas-hub/protected/modules/user/controllers/LoginController.php (36)
2013/02/15 13:21:32 [trace] [system.db.ar.CActiveRecord] User.findAll()
in /var/www/bpaas-hub/protected/modules/user/controllers/LoginController.php (36)
in /var/www/bpaas-hub/protected/modules/user/controllers/LoginController.php (20)
in /var/www/bpaas-hub/index.php (13)
2013/02/15 13:21:32 [trace] [system.db.CDbCommand] Querying SQL: SELECT `user`.`id` AS `t0_c0`, `user`.`username` AS `t0_c1`, `user`.`email` AS `t0_c3`, `user`.`create_at` AS `t0_c5`, `user`.`lastvisit_at` AS `t0_c6`, `user`.`superuser` AS `t0_c7`, `user`.`status` AS `t0_c8`, `profile`.`user_id` AS `t1_c0`, `profile`.`lastname` AS `t1_c1`, `profile`.`firstname` AS `t1_c2` FROM `users` `user`  LEFT OUTER JOIN `profiles` `profile` ON (`profile`.`user_id`=`user`.`id`)  WHERE (`user`.`username`=:ycp0) LIMIT 2. Bound with :ycp0='admin'
in /var/www/bpaas-hub/protected/modules/user/controllers/LoginController.php (36)
in /var/www/bpaas-hub/protected/modules/user/controllers/LoginController.php (20)
in /var/www/bpaas-hub/index.php (13)
2013/02/15 13:21:32 [trace] [system.db.ar.CActiveRecord] User.findAll()
in /var/www/bpaas-hub/protected/modules/user/controllers/LoginController.php (36)
in /var/www/bpaas-hub/protected/modules/user/controllers/LoginController.php (20)
in /var/www/bpaas-hub/index.php (13)
2013/02/15 13:21:32 [trace] [system.db.CDbCommand] Querying SQL: SELECT `user`.`id` AS `t0_c0`, `user`.`username` AS `t0_c1`, `user`.`email` AS `t0_c3`, `user`.`create_at` AS `t0_c5`, `user`.`lastvisit_at` AS `t0_c6`, `user`.`superuser` AS `t0_c7`, `user`.`status` AS `t0_c8`, `profile`.`user_id` AS `t1_c0`, `profile`.`lastname` AS `t1_c1`, `profile`.`firstname` AS `t1_c2` FROM `users` `user`  LEFT OUTER JOIN `profiles` `profile` ON (`profile`.`user_id`=`user`.`id`)  WHERE (`user`.`email`=:ycp1) LIMIT 2. Bound with :ycp1='webmaster@example.com'
in /var/www/bpaas-hub/protected/modules/user/controllers/LoginController.php (36)
in /var/www/bpaas-hub/protected/modules/user/controllers/LoginController.php (20)
in /var/www/bpaas-hub/index.php (13)
2013/02/15 13:21:32 [trace] [system.db.ar.CActiveRecord] User.update()
in /var/www/bpaas-hub/protected/modules/user/controllers/LoginController.php (36)
in /var/www/bpaas-hub/protected/modules/user/controllers/LoginController.php (20)
in /var/www/bpaas-hub/index.php (13)
2013/02/15 13:21:32 [trace] [system.db.ar.CActiveRecord] User.updateByPk()
in /var/www/bpaas-hub/protected/modules/user/controllers/LoginController.php (36)
in /var/www/bpaas-hub/protected/modules/user/controllers/LoginController.php (20)
in /var/www/bpaas-hub/index.php (13)
2013/02/15 13:21:32 [trace] [system.db.CDbCommand] Executing SQL: UPDATE `users` SET `id`=:yp0, `username`=:yp1, `email`=:yp2, `create_at`=:yp3, `lastvisit_at`=:yp4, `superuser`=:yp5, `status`=:yp6, `password`=:yp7, `activkey`=:yp8 WHERE `users`.`id`=1. Bound with :yp0=1, :yp1='admin', :yp2='webmaster@example.com', :yp3='2013-01-29 14:01:05', :yp4='2013-02-15 13:21:31', :yp5=1, :yp6=1, :yp7='21232f297a57a5a743894a0e4a801fc3', :yp8='9a24eff8c15a6a141ece27eb6947da0f'
in /var/www/bpaas-hub/protected/modules/user/controllers/LoginController.php (36)
in /var/www/bpaas-hub/protected/modules/user/controllers/LoginController.php (20)
in /var/www/bpaas-hub/index.php (13)
2013/02/15 13:21:35 [trace] [system.CModule] Loading "log" application component
in /var/www/bpaas-hub/index.php (13)
2013/02/15 13:21:35 [trace] [system.CModule] Loading "request" application component
in /var/www/bpaas-hub/protected/extensions/yii-debug-toolbar/YiiDebugToolbarRoute.php (111)
in /var/www/bpaas-hub/index.php (13)
2013/02/15 13:21:35 [trace] [system.CModule] Loading "bootstrap" application component
in /var/www/bpaas-hub/index.php (13)
2013/02/15 13:21:35 [trace] [system.CModule] Loading "clientScript" application component
in /var/www/bpaas-hub/protected/extensions/bootstrap/components/Bootstrap.php (163)
in /var/www/bpaas-hub/protected/extensions/bootstrap/components/Bootstrap.php (124)
in /var/www/bpaas-hub/protected/extensions/bootstrap/components/Bootstrap.php (102)
2013/02/15 13:21:35 [trace] [system.CModule] Loading "assetManager" application component
in /var/www/bpaas-hub/protected/extensions/bootstrap/components/Bootstrap.php (458)
in /var/www/bpaas-hub/protected/extensions/bootstrap/components/Bootstrap.php (163)
in /var/www/bpaas-hub/protected/extensions/bootstrap/components/Bootstrap.php (124)
2013/02/15 13:21:36 [trace] [system.CModule] Loading "viewRenderer" application component
in /var/www/bpaas-hub/protected/extensions/yii-debug-toolbar/panels/YiiDebugToolbarPanelViewsRendering.php (35)
in /var/www/bpaas-hub/protected/extensions/yii-debug-toolbar/YiiDebugToolbar.php (186)
in /var/www/bpaas-hub/protected/extensions/yii-debug-toolbar/YiiDebugToolbar.php (111)
2013/02/15 13:21:36 [trace] [system.CModule] Loading "db" application component
in /var/www/bpaas-hub/protected/extensions/yii-debug-toolbar/panels/YiiDebugToolbarPanelSql.php (46)
in /var/www/bpaas-hub/protected/extensions/yii-debug-toolbar/YiiDebugToolbar.php (177)
in /var/www/bpaas-hub/protected/extensions/yii-debug-toolbar/YiiDebugToolbar.php (111)
2013/02/15 13:21:36 [trace] [system.db.CDbConnection] Opening DB connection
in /var/www/bpaas-hub/protected/extensions/yii-debug-toolbar/panels/YiiDebugToolbarPanelSql.php (46)
in /var/www/bpaas-hub/protected/extensions/yii-debug-toolbar/YiiDebugToolbar.php (177)
in /var/www/bpaas-hub/protected/extensions/yii-debug-toolbar/YiiDebugToolbar.php (111)
2013/02/15 13:21:36 [trace] [system.CModule] Loading "urlManager" application component
in /var/www/bpaas-hub/index.php (13)
2013/02/15 13:21:37 [trace] [system.db.CDbCommand] Querying SQL: SHOW FULL COLUMNS FROM `service`
in /var/www/bpaas-hub/protected/controllers/SiteController.php (39)
in /var/www/bpaas-hub/index.php (13)
2013/02/15 13:21:37 [trace] [system.db.CDbCommand] Querying SQL: SHOW CREATE TABLE `service`
in /var/www/bpaas-hub/protected/controllers/SiteController.php (39)
in /var/www/bpaas-hub/index.php (13)
2013/02/15 13:21:37 [trace] [system.CModule] Loading "widgetFactory" application component
in /var/www/bpaas-hub/protected/views/site/index.php (13)
in /var/www/bpaas-hub/protected/extensions/yii-debug-toolbar/components/YiiDebugViewRenderer.php (47)
in /var/www/bpaas-hub/protected/controllers/SiteController.php (45)
2013/02/15 13:21:37 [trace] [system.db.ar.CActiveRecord] Service.count()
in /var/www/bpaas-hub/protected/extensions/bootstrap/widgets/TbListView.php (37)
in /var/www/bpaas-hub/protected/views/site/index.php (13)
in /var/www/bpaas-hub/protected/extensions/yii-debug-toolbar/components/YiiDebugViewRenderer.php (47)
2013/02/15 13:21:38 [trace] [system.db.CDbCommand] Querying SQL: SELECT COUNT(*) FROM `service` `t` WHERE active=1
in /var/www/bpaas-hub/protected/extensions/bootstrap/widgets/TbListView.php (37)
in /var/www/bpaas-hub/protected/views/site/index.php (13)
in /var/www/bpaas-hub/protected/extensions/yii-debug-toolbar/components/YiiDebugViewRenderer.php (47)
2013/02/15 13:21:38 [trace] [system.db.ar.CActiveRecord] Service.findAll()
in /var/www/bpaas-hub/protected/extensions/bootstrap/widgets/TbListView.php (37)
in /var/www/bpaas-hub/protected/views/site/index.php (13)
in /var/www/bpaas-hub/protected/extensions/yii-debug-toolbar/components/YiiDebugViewRenderer.php (47)
2013/02/15 13:21:38 [trace] [system.db.CDbCommand] Querying SQL: SELECT * FROM `service` `t` WHERE active=1 ORDER BY modified_at DESC LIMIT 20
in /var/www/bpaas-hub/protected/extensions/bootstrap/widgets/TbListView.php (37)
in /var/www/bpaas-hub/protected/views/site/index.php (13)
in /var/www/bpaas-hub/protected/extensions/yii-debug-toolbar/components/YiiDebugViewRenderer.php (47)
2013/02/15 13:21:38 [trace] [system.CModule] Loading "coreMessages" application component
in /var/www/bpaas-hub/protected/views/site/index.php (13)
in /var/www/bpaas-hub/protected/extensions/yii-debug-toolbar/components/YiiDebugViewRenderer.php (47)
in /var/www/bpaas-hub/protected/controllers/SiteController.php (45)
2013/02/15 13:21:38 [trace] [system.CModule] Loading "user" application component
in /var/www/bpaas-hub/protected/views/layouts/main.php (34)
in /var/www/bpaas-hub/protected/extensions/yii-debug-toolbar/components/YiiDebugViewRenderer.php (47)
in /var/www/bpaas-hub/protected/views/layouts/column1.php (6)
2013/02/15 13:21:38 [trace] [system.CModule] Loading "session" application component
in /var/www/bpaas-hub/protected/views/layouts/main.php (34)
in /var/www/bpaas-hub/protected/extensions/yii-debug-toolbar/components/YiiDebugViewRenderer.php (47)
in /var/www/bpaas-hub/protected/views/layouts/column1.php (6)
2013/02/15 13:21:38 [trace] [system.base.CModule] Loading "user" module
in /var/www/bpaas-hub/protected/views/layouts/main.php (42)
in /var/www/bpaas-hub/protected/extensions/yii-debug-toolbar/components/YiiDebugViewRenderer.php (47)
in /var/www/bpaas-hub/protected/views/layouts/column1.php (6)
2013/02/15 13:21:38 [trace] [system.db.CDbCommand] Querying SQL: SHOW FULL COLUMNS FROM `users`
in /var/www/bpaas-hub/protected/modules/user/models/User.php (33)
in /var/www/bpaas-hub/protected/modules/user/UserModule.php (239)
in /var/www/bpaas-hub/protected/modules/user/UserModule.php (194)
2013/02/15 13:21:38 [trace] [system.db.CDbCommand] Querying SQL: SHOW CREATE TABLE `users`
in /var/www/bpaas-hub/protected/modules/user/models/User.php (33)
in /var/www/bpaas-hub/protected/modules/user/UserModule.php (239)
in /var/www/bpaas-hub/protected/modules/user/UserModule.php (194)
2013/02/15 13:21:38 [trace] [system.db.ar.CActiveRecord] User.findByPk()
in /var/www/bpaas-hub/protected/modules/user/UserModule.php (239)
in /var/www/bpaas-hub/protected/modules/user/UserModule.php (194)
in /var/www/bpaas-hub/protected/views/layouts/main.php (42)
2013/02/15 13:21:38 [trace] [system.db.CDbCommand] Querying SQL: SHOW FULL COLUMNS FROM `profiles`
in /var/www/bpaas-hub/protected/modules/user/UserModule.php (239)
in /var/www/bpaas-hub/protected/modules/user/UserModule.php (194)
in /var/www/bpaas-hub/protected/views/layouts/main.php (42)
2013/02/15 13:21:38 [trace] [system.db.CDbCommand] Querying SQL: SHOW CREATE TABLE `profiles`
in /var/www/bpaas-hub/protected/modules/user/UserModule.php (239)
in /var/www/bpaas-hub/protected/modules/user/UserModule.php (194)
in /var/www/bpaas-hub/protected/views/layouts/main.php (42)
2013/02/15 13:21:38 [trace] [system.db.CDbCommand] Querying SQL: SELECT `user`.`id` AS `t0_c0`, `user`.`username` AS `t0_c1`, `user`.`email` AS `t0_c3`, `user`.`create_at` AS `t0_c5`, `user`.`lastvisit_at` AS `t0_c6`, `user`.`superuser` AS `t0_c7`, `user`.`status` AS `t0_c8`, `profile`.`user_id` AS `t1_c0`, `profile`.`lastname` AS `t1_c1`, `profile`.`firstname` AS `t1_c2` FROM `users` `user`  LEFT OUTER JOIN `profiles` `profile` ON (`profile`.`user_id`=`user`.`id`)  WHERE (`user`.`id`=1)
in /var/www/bpaas-hub/protected/modules/user/UserModule.php (239)
in /var/www/bpaas-hub/protected/modules/user/UserModule.php (194)
in /var/www/bpaas-hub/protected/views/layouts/main.php (42)
2013/02/15 13:21:38 [trace] [system.CModule] Loading "messages" application component
in /var/www/bpaas-hub/protected/modules/user/UserModule.php (154)
in /var/www/bpaas-hub/protected/views/layouts/main.php (43)
in /var/www/bpaas-hub/protected/extensions/yii-debug-toolbar/components/YiiDebugViewRenderer.php (47)
2013/02/21 13:19:26 [error] [system.db.CDbCommand] CDbCommand::fetchColumn() failed: SQLSTATE[23000]: Integrity constraint violation: 1052 Column 'id' in where clause is ambiguous. The SQL statement executed was: SELECT COUNT(DISTINCT `t`.`id`) FROM `organisation` `t`  LEFT OUTER JOIN `service_organisation` `services_services` ON (`t`.`id`=`services_services`.`organisation_id`) LEFT OUTER JOIN `service` `services` ON (`services`.`id`=`services_services`.`service_id`)  WHERE (id=:id). Bound with :id='7'.
in /var/www/bpaas-hub/protected/extensions/bootstrap/widgets/TbListView.php (37)
in /var/www/bpaas-hub/protected/views/site/viewservice.php (40)
in /var/www/bpaas-hub/protected/extensions/yii-debug-toolbar/components/YiiDebugViewRenderer.php (47)
2013/02/21 13:22:17 [error] [system.db.CDbCommand] CDbCommand::fetchAll() failed: SQLSTATE[42S22]: Column not found: 1054 Unknown column 'service_id' in 'where clause'. The SQL statement executed was: SELECT `t`.`id` AS `t0_c0`, `t`.`create_at` AS `t0_c1`, `t`.`modified_at` AS `t0_c2`, `t`.`deleted_at` AS `t0_c3`, `t`.`active` AS `t0_c4`, `t`.`system_active` AS `t0_c5`, `t`.`name` AS `t0_c6` FROM `organisation` `t`  WHERE (service_id=:id) LIMIT 20. Bound with :id='7'.
in /var/www/bpaas-hub/protected/extensions/bootstrap/widgets/TbListView.php (37)
in /var/www/bpaas-hub/protected/views/site/viewservice.php (40)
in /var/www/bpaas-hub/protected/extensions/yii-debug-toolbar/components/YiiDebugViewRenderer.php (47)
2013/02/21 13:22:56 [error] [system.db.CDbCommand] CDbCommand::fetchColumn() failed: SQLSTATE[42S22]: Column not found: 1054 Unknown column 'organisation.id' in 'where clause'. The SQL statement executed was: SELECT COUNT(DISTINCT `t`.`id`) FROM `organisation` `t`  LEFT OUTER JOIN `service_organisation` `services_services` ON (`t`.`id`=`services_services`.`organisation_id`) LEFT OUTER JOIN `service` `services` ON (`services`.`id`=`services_services`.`service_id`)  WHERE (organisation.id=:id). Bound with :id='7'.
in /var/www/bpaas-hub/protected/extensions/bootstrap/widgets/TbListView.php (37)
in /var/www/bpaas-hub/protected/views/site/viewservice.php (40)
in /var/www/bpaas-hub/protected/extensions/yii-debug-toolbar/components/YiiDebugViewRenderer.php (47)
2013/02/21 13:27:32 [error] [system.db.CDbCommand] CDbCommand::fetchColumn() failed: SQLSTATE[42S22]: Column not found: 1054 Unknown column 'organisation.id' in 'on clause'. The SQL statement executed was: SELECT COUNT(DISTINCT `t`.`id`) FROM `organisation` `t`  INNER JOIN `service_organisation` `services_services` ON (`t`.`id`=`services_services`.`organisation_id`) INNER JOIN `service` `services` ON (`services`.`id`=`services_services`.`service_id`) AND (organisation.id=:id) . Bound with :id='7'.
in /var/www/bpaas-hub/protected/extensions/bootstrap/widgets/TbListView.php (37)
in /var/www/bpaas-hub/protected/views/site/viewservice.php (40)
in /var/www/bpaas-hub/protected/extensions/yii-debug-toolbar/components/YiiDebugViewRenderer.php (47)
2013/02/21 13:28:31 [error] [system.db.CDbCommand] CDbCommand::fetchColumn() failed: SQLSTATE[42S22]: Column not found: 1054 Unknown column 'services.service_id' in 'on clause'. The SQL statement executed was: SELECT COUNT(DISTINCT `t`.`id`) FROM `organisation` `t`  INNER JOIN `service_organisation` `services_services` ON (`t`.`id`=`services_services`.`organisation_id`) INNER JOIN `service` `services` ON (`services`.`id`=`services_services`.`service_id`) AND (services.service_id=:id) . Bound with :id='7'.
in /var/www/bpaas-hub/protected/extensions/bootstrap/widgets/TbListView.php (37)
in /var/www/bpaas-hub/protected/views/site/viewservice.php (40)
in /var/www/bpaas-hub/protected/extensions/yii-debug-toolbar/components/YiiDebugViewRenderer.php (47)
2013/02/21 16:46:08 [error] [system.db.CDbCommand] CDbCommand::fetchColumn() failed: SQLSTATE[42S22]: Column not found: 1054 Unknown column 'organisation.id' in 'on clause'. The SQL statement executed was: SELECT COUNT(DISTINCT `t`.`id`) FROM `organisation` `t`  INNER JOIN `organisation_users` `users_users` ON (`t`.`id`=`users_users`.`organisation_id`) INNER JOIN `users` `users` ON (`users`.`id`=`users_users`.`users_id`) AND (organisation.id=1) .
in /var/www/bpaas-hub/protected/extensions/bootstrap/widgets/TbListView.php (37)
in /var/www/bpaas-hub/protected/views/site/viewuser.php (40)
in /var/www/bpaas-hub/protected/extensions/yii-debug-toolbar/components/YiiDebugViewRenderer.php (47)
